<?xml version="1.0" encoding="UTF-8"?>
<!-- Generated by org.testng.reporters.JUnitXMLReporter -->
<testsuite ignored="0" hostname="DESKTOP-S32E11Q" failures="0" tests="5" name="LoginPage Test" time="160.642" errors="0" timestamp="2024-06-20T19:44:49 IST">
  <testcase classname="test_package.LoginPageTest" name="verifyLoginPageTitle" time="16.782"/>
  <testcase classname="test_package.LoginPageTest" name="verifyUserLogin" time="22.327"/>
  <testcase classname="test_package.LoginPageTest" name="verifyUserLoginWithInvalidCredentials" time="25.654"/>
  <testcase classname="test_package.LoginPageTest" name="verifyUserLoginWithInvalidCredentials" time="10.679"/>
  <testcase classname="test_package.LoginPageTest" name="verifyUserLoginWithInvalidCredentials" time="14.535"/>
</testsuite> <!-- LoginPage Test -->
