<?xml version="1.0" encoding="UTF-8"?>
<!-- Generated by org.testng.reporters.JUnitXMLReporter -->
<testsuite ignored="0" hostname="DESKTOP-S32E11Q" failures="0" tests="2" name="RegistrationPage Test" time="189.634" errors="0" timestamp="2024-06-20T19:47:58 IST">
  <testcase classname="test_package.RegistrationPageTest" name="verifyRegistrationPageTitle" time="16.168"/>
  <testcase classname="test_package.RegistrationPageTest" name="verifyUserRegistration" time="15.58"/>
</testsuite> <!-- RegistrationPage Test -->
